This is pdfTeX, Version 3.14159265-2.6-1.40.20 (MiKTeX 2.9.7050) (preloaded format=pdflatex 2019.4.24)  3 JUL 2019 12:17
entering extended mode
**./TCC_principal.tex
(TCC_principal.tex
LaTeX2e <2018-12-01>
(/home/kevi/.miktex/texmfs/install/tex/latex/abntex2/abntex2.cls
Document Class: abntex2 2018/11/24 v-1.9.7 abnTeX2
(/home/kevi/.miktex/texmfs/install/tex/latex/base/ifthen.sty
Package: ifthen 2014/09/29 v1.1c Standard LaTeX ifthen package (DPC)
)
(/home/kevi/.miktex/texmfs/install/tex/latex/memoir/memoir.cls
Document Class: memoir 2018/12/12 v3.7h configurable book, report, article docu
ment class
\onelineskip=\skip41
\lxvchars=\skip42
\xlvchars=\skip43
\@memcnta=\count80
\c@@memmarkcntra=\count81
(/home/kevi/.miktex/texmfs/install/tex/generic/oberdiek/ifpdf.sty
Package: ifpdf 2018/09/07 v3.3 Provides the ifpdf switch
)
(/home/kevi/.miktex/texmfs/install/tex/latex/ifetex/ifetex.sty
Package: ifetex 2018/03/31 v1.2a ifetex

(/home/kevi/.miktex/texmfs/install/tex/plain/ifetex/ifetex.tex))
(/home/kevi/.miktex/texmfs/install/tex/generic/ifxetex/ifxetex.sty
Package: ifxetex 2010/09/12 v0.6 Provides ifxetex conditional
)
(/home/kevi/.miktex/texmfs/install/tex/generic/oberdiek/ifluatex.sty
Package: ifluatex 2016/05/16 v1.4 Provides the ifluatex switch (HO)
Package ifluatex Info: LuaTeX not detected.
)
\stockheight=\skip44
\stockwidth=\skip45
\trimtop=\skip46
\trimedge=\skip47

(/home/kevi/.miktex/texmfs/install/tex/latex/memoir/mem12.clo
File: mem12.clo 2010/10/19 v0.4b memoir class 12pt size option
)
\binding=\skip48
\spinemargin=\skip49
\foremargin=\skip50
\uppermargin=\skip51
\lowermargin=\skip52
\headdrop=\skip53
\normalrulethickness=\skip54
\mem@maxheadheight=\skip55
\mem@maxfootheight=\skip56
\headwidth=\skip57
\c@storedpagenumber=\count82
\memPD=\dimen102
\m@mabparskip=\skip58
\thanksmarkwidth=\skip59
\thanksmarksep=\skip60
\droptitle=\skip61
\c@book=\count83
\c@part=\count84
\c@chapter=\count85
\c@section=\count86
\c@subsection=\count87
\c@subsubsection=\count88
\c@paragraph=\count89
\c@subparagraph=\count90
\beforechapskip=\skip62
\midchapskip=\skip63
\afterchapskip=\skip64
\chapindent=\skip65
\bottomsectionskip=\skip66
\secindent=\skip67
\beforesecskip=\skip68
\aftersecskip=\skip69
\subsecindent=\skip70
\beforesubsecskip=\skip71
\aftersubsecskip=\skip72
\subsubsecindent=\skip73
\beforesubsubsecskip=\skip74
\aftersubsubsecskip=\skip75
\paraindent=\skip76
\beforeparaskip=\skip77
\afterparaskip=\skip78
\subparaindent=\skip79
\beforesubparaskip=\skip80
\aftersubparaskip=\skip81
\pfbreakskip=\skip82
\c@@ppsavesec=\count91
\c@@ppsaveapp=\count92
\ragrparindent=\dimen103
\everylistparindent=\dimen104
\parsepi=\skip83
\topsepi=\skip84
\itemsepi=\skip85
\parsepii=\skip86
\topsepii=\skip87
\topsepiii=\skip88
\itemsepii=\skip89
\itemsepiii=\skip90
\partopsepii=\skip91
\partopsepiii=\skip92
\m@msavetopsep=\skip93
\m@msavepartopsep=\skip94
\@enLab=\toks14
\abstitleskip=\skip95
\absleftindent=\skip96
\abs@leftindent=\dimen105
\absrightindent=\skip97
\absparindent=\skip98
\absparsep=\skip99
\c@vslineno=\count93
\c@poemline=\count94
\c@modulo@vs=\count95
\c@memfvsline=\count96
\vleftskip=\skip100
\vrightskip=\skip101
\stanzaskip=\skip102
\versewidth=\skip103
\vgap=\skip104
\vindent=\skip105
\vleftmargin=\dimen106
\c@verse=\count97
\c@chrsinstr=\count98
\beforepoemtitleskip=\skip106
\afterpoemtitleskip=\skip107
\c@poem=\count99
\beforePoemTitleskip=\skip108
\midPoemTitleskip=\skip109
\afterPoemTitleskip=\skip110

(/home/kevi/.miktex/texmfs/install/tex/latex/tools/array.sty
Package: array 2018/12/30 v2.4k Tabular extension package (FMi)
\col@sep=\dimen107
\ar@mcellbox=\box27
\extrarowheight=\dimen108
\NC@list=\toks15
\extratabsurround=\skip111
\backup@length=\skip112
\ar@cellbox=\box28
)
(/home/kevi/.miktex/texmfs/install/tex/latex/tools/dcolumn.sty
Package: dcolumn 2014/10/28 v1.06 decimal alignment package (DPC)
)
(/home/kevi/.miktex/texmfs/install/tex/latex/tools/delarray.sty
Package: delarray 2014/10/28 v1.01 array delimiter package (DPC)
)
(/home/kevi/.miktex/texmfs/install/tex/latex/tools/tabularx.sty
Package: tabularx 2016/02/03 v2.11b `tabularx' package (DPC)
\TX@col@width=\dimen109
\TX@old@table=\dimen110
\TX@old@col=\dimen111
\TX@target=\dimen112
\TX@delta=\dimen113
\TX@cols=\count100
\TX@ftn=\toks16
)
\heavyrulewidth=\dimen114
\lightrulewidth=\dimen115
\cmidrulewidth=\dimen116
\belowrulesep=\dimen117
\belowbottomsep=\dimen118
\aboverulesep=\dimen119
\abovetopsep=\dimen120
\cmidrulesep=\dimen121
\cmidrulekern=\dimen122
\defaultaddspace=\dimen123
\@cmidla=\count101
\@cmidlb=\count102
\@aboverulesep=\dimen124
\@belowrulesep=\dimen125
\@thisruleclass=\count103
\@lastruleclass=\count104
\@thisrulewidth=\dimen126
\ctableftskip=\skip113
\ctabrightskip=\skip114
\abovecolumnspenalty=\count105
\@linestogo=\count106
\@cellstogo=\count107
\@cellsincolumn=\count108
\crtok=\toks17
\@mincolumnwidth=\dimen127
\c@newflo@tctr=\count109
\mem@margin@floatbox=\box29
\@contcwidth=\skip115
\@contindw=\skip116
\abovecaptionskip=\skip117
\belowcaptionskip=\skip118
\subfloattopskip=\skip119
\subfloatcapskip=\skip120
\subfloatcaptopadj=\skip121
\subfloatbottomskip=\skip122
\subfloatlabelskip=\skip123
\subfloatcapmargin=\dimen128
\c@@contsubnum=\count110
\m@mscap@capbox=\box30
\m@mscap@fbox=\box31
\sidecapsep=\dimen129
\sidecapwidth=\dimen130
\m@m@tempdima=\dimen131
\m@mscapraise=\dimen132
\sidecapraise=\dimen133
\m@mscapmainwidth=\dimen134
\m@mscaplkern=\dimen135
\beforeepigraphskip=\skip124
\afterepigraphskip=\skip125
\epigraphwidth=\skip126
\epigraphrule=\skip127
LaTeX Info: Redefining \em on input line 7592.
LaTeX Info: Redefining \emph on input line 7600.
\tocentryskip=\skip128
\tocbaseline=\skip129
\cftparskip=\skip130
\cftbeforebookskip=\skip131
\cftbookindent=\dimen136
\cftbooknumwidth=\dimen137
\cftbeforepartskip=\skip132
\cftpartindent=\skip133
\cftpartnumwidth=\skip134
\cftbeforechapterskip=\skip135
\cftchapterindent=\skip136
\cftchapternumwidth=\skip137
\cftbeforesectionskip=\skip138
\cftsectionindent=\skip139
\cftsectionnumwidth=\skip140
\cftbeforesubsectionskip=\skip141
\cftsubsectionindent=\skip142
\cftsubsectionnumwidth=\skip143
\cftbeforesubsubsectionskip=\skip144
\cftsubsubsectionindent=\skip145
\cftsubsubsectionnumwidth=\skip146
\cftbeforeparagraphskip=\skip147
\cftparagraphindent=\skip148
\cftparagraphnumwidth=\skip149
\cftbeforesubparagraphskip=\skip150
\cftsubparagraphindent=\skip151
\cftsubparagraphnumwidth=\skip152
\prechapterprecisshift=\dimen138
\c@maxsecnumdepth=\count111
\bibindent=\dimen139
\bibitemsep=\skip153
\indexcolsep=\skip154
\indexrule=\skip155
\indexmarkstyle=\toks18
\@indexbox=\insert199
\glossarycolsep=\dimen140
\glossaryrule=\dimen141
\sideparvshift=\skip156
\sideins=\insert198
\sidebartopsep=\skip157
\sidebarhsep=\skip158
\sidebarvsep=\skip159
\sidebarwidth=\skip160
\footmarkwidth=\skip161
\footmarksep=\skip162
\footparindent=\skip163
\footinsdim=\skip164
\footinsv@r=\insert197
\@mpfootinsv@r=\insert196
\m@m@k=\count112
\m@m@h=\dimen142
\m@mipn@skip=\skip165
\sidefootins=\insert195
\sidefootadjust=\skip166
\sidefootheight=\skip167
\sidefoothsep=\skip168
\sidefootvsep=\skip169
\sidefootwidth=\skip170
\m@mdownsf=\skip171
\c@sidefootnote=\count113
\sidefootmarkwidth=\skip172
\sidefootmarksep=\skip173
\sidefootparindent=\skip174
\c@pagenote=\count114
\c@pagenoteshadow=\count115
\mem@pn@lastkern=\skip175
\every@verbatim=\toks19
\afterevery@verbatim=\toks20
\verbatim@line=\toks21
\tab@position=\count116
\verbatim@in@stream=\read1
\verbatimindent=\skip176
\verbatim@out=\write3
\bvboxsep=\skip177
\c@memfbvline=\count117
\c@bvlinectr=\count118
\bvnumlength=\skip178
\fb@frw=\dimen143
\fb@frh=\dimen144
\FrameRule=\dimen145
\FrameSep=\dimen146
\c@cp@cntr=\count119
LaTeX Info: Redefining \: on input line 12114.
LaTeX Info: Redefining \! on input line 12116.
\c@ism@mctr=\count120
\c@xsm@mctr=\count121
\c@csm@mctr=\count122
\c@ksm@mctr=\count123
\c@xksm@mctr=\count124
\c@cksm@mctr=\count125
\c@msm@mctr=\count126
\c@xmsm@mctr=\count127
\c@cmsm@mctr=\count128
\c@bsm@mctr=\count129
\c@workm@mctr=\count130
\c@sheetsequence=\count131
\c@lastsheet=\count132
\c@lastpage=\count133
\c@figure=\count134
\c@lofdepth=\count135
\cftbeforefigureskip=\skip179
\cftfigureindent=\skip180
\cftfigurenumwidth=\skip181
\c@table=\count136
\c@lotdepth=\count137
\cftbeforetableskip=\skip182
\cfttableindent=\skip183
\cfttablenumwidth=\skip184
Package abstract [2008/07/23] emulated by memoir.
Package appendix [2008/07/23] emulated by memoir.
Package booktabs [2016/05/16] emulated by memoir.
Package ccaption [2008/07/23] emulated by memoir.
Package changepage [2008/07/23] emulated by memoir.
Package chngcntr [2008/07/23] emulated by memoir.
Package chngpage [2008/07/23] emulated by memoir.
Package crop emulated by memoir.
Package enumerate [2008/07/23] emulated by memoir.
Package epigraph [2008/07/23] emulated by memoir.
Package ifmtarg [2008/07/23] emulated by memoir.
Package index [2008/07/23] emulated by memoir.
Package makeidx [2008/07/23] emulated by memoir.
Package moreverb [2008/07/23] emulated by memoir.
Package mparhack [2008/07/23] emulated by memoir.
Package needspace [2008/07/23] emulated by memoir.
Package newfile [2008/07/23] emulated by memoir.
Package nextpage [2008/07/23] emulated by memoir.
Package pagenote [2008/07/23] emulated by memoir.
Package parskip [2008/07/23] emulated by memoir.
Package patchcmd [2008/07/23] emulated by memoir.
Package setspace [2008/07/23] emulated by memoir.
Package shortvrb [2008/07/23] emulated by memoir.
Package showidx [2008/07/23] emulated by memoir.
Package titleref [2008/07/23] emulated by memoir.
Package titling [2008/07/23] emulated by memoir.
Package tocbibind [2008/07/23] emulated by memoir.
Package tocloft [2008/07/23] emulated by memoir.
Package tocvsec2 [2008/07/23] emulated by memoir.
Package verbatim [2008/07/23] emulated by memoir.
Package verse [2008/07/23] emulated by memoir.
)
(/home/kevi/.miktex/texmfs/install/tex/latex/textcase/textcase.sty
Package: textcase 2004/10/07 v0.07 Text only upper/lower case changing (DPC)
LaTeX Info: Redefining \MakeTextUppercase on input line 47.
LaTeX Info: Redefining \MakeTextLowercase on input line 50.
)
(/home/kevi/.miktex/texmfs/install/tex/latex/hyperref/hyperref.sty
Package: hyperref 2018/11/30 v6.88e Hypertext links for LaTeX

(/home/kevi/.miktex/texmfs/install/tex/generic/oberdiek/hobsub-hyperref.sty
Package: hobsub-hyperref 2016/05/16 v1.14 Bundle oberdiek, subset hyperref (HO)


(/home/kevi/.miktex/texmfs/install/tex/generic/oberdiek/hobsub-generic.sty
Package: hobsub-generic 2016/05/16 v1.14 Bundle oberdiek, subset generic (HO)
Package: hobsub 2016/05/16 v1.14 Construct package bundles (HO)
Package: infwarerr 2016/05/16 v1.4 Providing info/warning/error messages (HO)
Package: ltxcmds 2016/05/16 v1.23 LaTeX kernel commands for general use (HO)
Package hobsub Info: Skipping package `ifluatex' (already loaded).
Package: ifvtex 2016/05/16 v1.6 Detect VTeX and its facilities (HO)
Package ifvtex Info: VTeX not detected.
Package: intcalc 2016/05/16 v1.2 Expandable calculations with integers (HO)
Package hobsub Info: Skipping package `ifpdf' (already loaded).
Package: etexcmds 2016/05/16 v1.6 Avoid name clashes with e-TeX commands (HO)
Package: kvsetkeys 2016/05/16 v1.17 Key value parser (HO)
Package: kvdefinekeys 2016/05/16 v1.4 Define keys (HO)
Package: pdftexcmds 2018/09/10 v0.29 Utility functions of pdfTeX for LuaTeX (HO
)
Package pdftexcmds Info: LuaTeX not detected.
Package pdftexcmds Info: \pdf@primitive is available.
Package pdftexcmds Info: \pdf@ifprimitive is available.
Package pdftexcmds Info: \pdfdraftmode found.
Package: pdfescape 2016/05/16 v1.14 Implements pdfTeX's escape features (HO)
Package: bigintcalc 2016/05/16 v1.4 Expandable calculations on big integers (HO
)
Package: bitset 2016/05/16 v1.2 Handle bit-vector datatype (HO)
Package: uniquecounter 2016/05/16 v1.3 Provide unlimited unique counter (HO)
)
Package hobsub Info: Skipping package `hobsub' (already loaded).
Package: letltxmacro 2016/05/16 v1.5 Let assignment for LaTeX macros (HO)
Package: hopatch 2016/05/16 v1.3 Wrapper for package hooks (HO)
Package: xcolor-patch 2016/05/16 xcolor patch
Package: atveryend 2016/05/16 v1.9 Hooks at the very end of document (HO)
Package atveryend Info: \enddocument detected (standard20110627).
Package: atbegshi 2016/06/09 v1.18 At begin shipout hook (HO)
Package: refcount 2016/05/16 v3.5 Data extraction from label references (HO)
Package: hycolor 2016/05/16 v1.8 Color options for hyperref/bookmark (HO)
)
(/home/kevi/.miktex/texmfs/install/tex/latex/graphics/keyval.sty
Package: keyval 2014/10/28 v1.15 key=value parser (DPC)
\KV@toks@=\toks22
)
(/home/kevi/.miktex/texmfs/install/tex/latex/oberdiek/auxhook.sty
Package: auxhook 2016/05/16 v1.4 Hooks for auxiliary files (HO)
)
(/home/kevi/.miktex/texmfs/install/tex/latex/oberdiek/kvoptions.sty
Package: kvoptions 2016/05/16 v3.12 Key value format for package options (HO)
)
\@linkdim=\dimen147
\Hy@linkcounter=\count138
\Hy@pagecounter=\count139

(/home/kevi/.miktex/texmfs/install/tex/latex/hyperref/pd1enc.def
File: pd1enc.def 2018/11/30 v6.88e Hyperref: PDFDocEncoding definition (HO)
Now handling font encoding PD1 ...
... no UTF-8 mapping file for font encoding PD1
)
\Hy@SavedSpaceFactor=\count140

(/home/kevi/.miktex/texmfs/install/tex/latex/00miktex/hyperref.cfg
File: hyperref.cfg 2002/06/06 v1.2 hyperref configuration of TeXLive
)
Package hyperref Info: Hyper figures OFF on input line 4519.
Package hyperref Info: Link nesting OFF on input line 4524.
Package hyperref Info: Hyper index ON on input line 4527.
Package hyperref Info: Plain pages OFF on input line 4534.
Package hyperref Info: Backreferencing OFF on input line 4539.
Package hyperref Info: Implicit mode ON; LaTeX internals redefined.
Package hyperref Info: Bookmarks ON on input line 4772.
\c@Hy@tempcnt=\count141

(/home/kevi/.miktex/texmfs/install/tex/latex/url/url.sty
\Urlmuskip=\muskip10
Package: url 2013/09/16  ver 3.4  Verb mode for urls, etc.
)
LaTeX Info: Redefining \url on input line 5125.
\XeTeXLinkMargin=\dimen148
\Fld@menulength=\count142
\Field@Width=\dimen149
\Fld@charsize=\dimen150
Package hyperref Info: Hyper figures OFF on input line 6380.
Package hyperref Info: Link nesting OFF on input line 6385.
Package hyperref Info: Hyper index ON on input line 6388.
Package hyperref Info: backreferencing OFF on input line 6395.
Package hyperref Info: Link coloring OFF on input line 6400.
Package hyperref Info: Link coloring with OCG OFF on input line 6405.
Package hyperref Info: PDF/A mode OFF on input line 6410.
LaTeX Info: Redefining \ref on input line 6450.
LaTeX Info: Redefining \pageref on input line 6454.
\Hy@abspage=\count143
\c@Item=\count144
\c@Hfootnote=\count145
)
(/home/kevi/.miktex/texmfs/install/tex/latex/memoir/memhfixc.sty
Package: memhfixc 2013/05/30 v1.17 nameref/hyperref package fixes for memoir cl
ass
\c@memhycontfloat=\count146
\c@Hpagenote=\count147
)
Package hyperref Info: Driver (autodetected): hpdftex.

(/home/kevi/.miktex/texmfs/install/tex/latex/hyperref/hpdftex.def
File: hpdftex.def 2018/11/30 v6.88e Hyperref driver for pdfTeX
\Fld@listcount=\count148
\c@bookmark@seq@number=\count149

(/home/kevi/.miktex/texmfs/install/tex/latex/oberdiek/rerunfilecheck.sty
Package: rerunfilecheck 2016/05/16 v1.8 Rerun checks for auxiliary files (HO)
Package uniquecounter Info: New unique counter `rerunfilecheck' on input line 2
82.
)
\Hy@SectionHShift=\skip185
)
(/home/kevi/.miktex/texmfs/install/tex/latex/oberdiek/bookmark.sty
Package: bookmark 2016/05/17 v1.26 PDF bookmarks (HO)

(/home/kevi/.miktex/texmfs/install/tex/latex/oberdiek/bkm-pdftex.def
File: bkm-pdftex.def 2016/05/17 v1.26 bookmark driver for pdfTeX (HO)
\BKM@id=\count150
))
(/home/kevi/.miktex/texmfs/install/tex/generic/babel/babel.sty
Package: babel 2018/11/13 3.27 The Babel package

(/home/kevi/.miktex/texmfs/install/tex/generic/babel/switch.def
File: switch.def 2018/11/13 3.27 Babel switching mechanism
)
*************************************
* Local config file bblopts.cfg used
*
(/home/kevi/.miktex/texmfs/install/tex/latex/arabi/bblopts.cfg
File: bblopts.cfg 2005/09/08 v0.1 add Arabic and Farsi to "declared" options of
 babel
)
(/home/kevi/.miktex/texmfs/install/tex/latex/babel-portuges/portuges.ldf
Language: portuges 2008/03/18 v1.2q Portuguese support from the babel system

(/home/kevi/.miktex/texmfs/install/tex/generic/babel/babel.def
File: babel.def 2018/11/13 3.27 Babel common definitions
\babel@savecnt=\count151
\U@D=\dimen151

(/home/kevi/.miktex/texmfs/install/tex/generic/babel/txtbabel.def)
\bbl@dirlevel=\count152
)

Package babel Warning: No hyphenation patterns were preloaded for
(babel)                the language `Portuguese' into the format.
(babel)                Please, configure your TeX system to add them and
(babel)                rebuild the format. Now I will use the patterns
(babel)                preloaded for \language=0 instead on input line 55.

\l@portuges = a dialect from \language0
\l@brazil = a dialect from \language\l@portuges 
Package babel Info: Making " an active character on input line 145.
)) (/home/kevi/.miktex/texmfs/install/tex/latex/enumitem/enumitem.sty
Package: enumitem 2018/11/30 v3.6 Customized lists
\labelindent=\skip186
\enit@outerparindent=\dimen152
\enit@toks=\toks23
\enit@inbox=\box32
\enitdp@description=\count153
)
(/home/kevi/.miktex/texmfs/install/tex/latex/tools/calc.sty
Package: calc 2017/05/25 v4.3 Infix arithmetic (KKT,FJ)
\calc@Acount=\count154
\calc@Bcount=\count155
\calc@Adimen=\dimen153
\calc@Bdimen=\dimen154
\calc@Askip=\skip187
\calc@Bskip=\skip188
LaTeX Info: Redefining \setlength on input line 80.
LaTeX Info: Redefining \addtolength on input line 81.
\calc@Ccount=\count156
\calc@Cskip=\skip189
)

******************************************************
Stock height and width: 845.04684pt by 597.50787pt
Top and edge trims: 0pt and 0pt
Page height and width: 845.04684pt by 597.50787pt
Text height and width: 708pt by 455pt
Spine and edge margins: 85.35826pt and 56.9055pt
Upper and lower margins: 85.35826pt and 51.68858pt
Headheight and headsep: 14.5pt and 19.8738pt
Footskip: 30pt
Columnsep and columnseprule: 10pt and 0pt
Marginparsep and marginparwidth: 7pt and 42.9055pt
Sidecapsep and sidecapwidth: 7pt and 42pt
Sidebarhsep and sidebarwidth: 7pt and 42pt
Sidebarvsep and sidebartopsep: 14.5pt and 0pt
Sidebarheight: 590.14995pt
Sidefoothsep and sidefootwidth: 7pt and 42pt
Sidefootvsep and sidefootheight: 14.5pt and 590.14995pt
******************************************************

\c@abntex@bookmarkcounter=\count157
\cftlastnumwidth=\skip190
\chapternamenumlength=\skip191
\ABNTEXcitacaorecuo=\skip192
\c@alineasi=\count158
\c@alineasii=\count159
\enitdp@alineas=\count160
\c@subalineasi=\count161
\enitdp@subalineas=\count162
\c@incisosi=\count163
\enitdp@incisos=\count164
\ABNTEXsignwidth=\skip193
\ABNTEXsignthickness=\skip194
\ABNTEXsignskip=\skip256
) (/home/kevi/.miktex/texmfs/install/tex/latex/cmap/cmap.sty
Package: cmap 2008/03/06 v1.0h CMap support: searchable PDF
)
(/home/kevi/.miktex/texmfs/install/tex/latex/lm/lmodern.sty
Package: lmodern 2009/10/30 v1.6 Latin Modern Fonts
LaTeX Font Info:    Overwriting symbol font `operators' in version `normal'
(Font)                  OT1/cmr/m/n --> OT1/lmr/m/n on input line 22.
LaTeX Font Info:    Overwriting symbol font `letters' in version `normal'
(Font)                  OML/cmm/m/it --> OML/lmm/m/it on input line 23.
LaTeX Font Info:    Overwriting symbol font `symbols' in version `normal'
(Font)                  OMS/cmsy/m/n --> OMS/lmsy/m/n on input line 24.
LaTeX Font Info:    Overwriting symbol font `largesymbols' in version `normal'
(Font)                  OMX/cmex/m/n --> OMX/lmex/m/n on input line 25.
LaTeX Font Info:    Overwriting symbol font `operators' in version `bold'
(Font)                  OT1/cmr/bx/n --> OT1/lmr/bx/n on input line 26.
LaTeX Font Info:    Overwriting symbol font `letters' in version `bold'
(Font)                  OML/cmm/b/it --> OML/lmm/b/it on input line 27.
LaTeX Font Info:    Overwriting symbol font `symbols' in version `bold'
(Font)                  OMS/cmsy/b/n --> OMS/lmsy/b/n on input line 28.
LaTeX Font Info:    Overwriting symbol font `largesymbols' in version `bold'
(Font)                  OMX/cmex/m/n --> OMX/lmex/m/n on input line 29.
LaTeX Font Info:    Overwriting math alphabet `\mathbf' in version `normal'
(Font)                  OT1/cmr/bx/n --> OT1/lmr/bx/n on input line 31.
LaTeX Font Info:    Overwriting math alphabet `\mathsf' in version `normal'
(Font)                  OT1/cmss/m/n --> OT1/lmss/m/n on input line 32.
LaTeX Font Info:    Overwriting math alphabet `\mathit' in version `normal'
(Font)                  OT1/cmr/m/it --> OT1/lmr/m/it on input line 33.
LaTeX Font Info:    Overwriting math alphabet `\mathtt' in version `normal'
(Font)                  OT1/cmtt/m/n --> OT1/lmtt/m/n on input line 34.
LaTeX Font Info:    Overwriting math alphabet `\mathbf' in version `bold'
(Font)                  OT1/cmr/bx/n --> OT1/lmr/bx/n on input line 35.
LaTeX Font Info:    Overwriting math alphabet `\mathsf' in version `bold'
(Font)                  OT1/cmss/bx/n --> OT1/lmss/bx/n on input line 36.
LaTeX Font Info:    Overwriting math alphabet `\mathit' in version `bold'
(Font)                  OT1/cmr/bx/it --> OT1/lmr/bx/it on input line 37.
LaTeX Font Info:    Overwriting math alphabet `\mathtt' in version `bold'
(Font)                  OT1/cmtt/m/n --> OT1/lmtt/m/n on input line 38.
)
(/home/kevi/.miktex/texmfs/install/tex/latex/pstricks/pstricks.sty
Package: pstricks 2018/12/21 v0.69 LaTeX wrapper for `PSTricks' (RN,HV)

(/home/kevi/.miktex/texmfs/install/tex/latex/iftex/iftex.sty
Package: iftex 2013/04/04 v0.2 Provides if(tex) conditional for PDFTeX, XeTeX, 
and LuaTeX
)
(/home/kevi/.miktex/texmfs/install/tex/latex/tools/shellesc.sty
Package: shellesc 2016/06/07 v0.02a unified shell escape interface for LaTeX
Package shellesc Info: Restricted shell escape enabled on input line 69.
)
(/home/kevi/.miktex/texmfs/install/tex/latex/xcolor/xcolor.sty
Package: xcolor 2016/05/11 v2.12 LaTeX color extensions (UK)

(/home/kevi/.miktex/texmfs/install/tex/latex/graphics-cfg/color.cfg
File: color.cfg 2016/01/02 v1.6 sample color configuration
)
Package xcolor Info: Package option `usenames' ignored on input line 216.
Package xcolor Info: Driver file: pdftex.def on input line 225.

(/home/kevi/.miktex/texmfs/install/tex/latex/graphics-def/pdftex.def
File: pdftex.def 2018/01/08 v1.0l Graphics/color driver for pdftex
)
Package xcolor Info: Model `cmy' substituted by `cmy0' on input line 1348.
Package xcolor Info: Model `hsb' substituted by `rgb' on input line 1352.
Package xcolor Info: Model `RGB' extended on input line 1364.
Package xcolor Info: Model `HTML' substituted by `rgb' on input line 1366.
Package xcolor Info: Model `Hsb' substituted by `hsb' on input line 1367.
Package xcolor Info: Model `tHsb' substituted by `hsb' on input line 1368.
Package xcolor Info: Model `HSB' substituted by `hsb' on input line 1369.
Package xcolor Info: Model `Gray' substituted by `gray' on input line 1370.
Package xcolor Info: Model `wave' substituted by `hsb' on input line 1371.

(/home/kevi/.miktex/texmfs/install/tex/latex/graphics/dvipsnam.def
File: dvipsnam.def 2016/06/17 v3.0m Driver-dependent file (DPC,SPQR)
))
(/home/kevi/.miktex/texmfs/install/tex/generic/xkeyval/pst-xkey.tex
File: pst-xkey.tex 2005/11/25 v1.6 PSTricks specialization of xkeyval (HA)

(/home/kevi/.miktex/texmfs/install/tex/latex/xkeyval/xkeyval.sty
Package: xkeyval 2014/12/03 v2.7a package option processing (HA)

(/home/kevi/.miktex/texmfs/install/tex/generic/xkeyval/xkeyval.tex
(/home/kevi/.miktex/texmfs/install/tex/generic/xkeyval/xkvutils.tex
\XKV@toks=\toks24
\XKV@tempa@toks=\toks25
)
\XKV@depth=\count165
File: xkeyval.tex 2014/12/03 v2.7a key=value parser (HA)
)))
(/home/kevi/.miktex/texmfs/install/tex/generic/pstricks/pstricks.tex
(/home/kevi/.miktex/texmfs/install/tex/generic/pstricks/pst-fp.tex
`pst-fp' v0.05, 2010/01/17 (hv)
\pstFP@xs=\count166
\pstFP@xia=\count167
\pstFP@xib=\count168
\pstFP@xfa=\count169
\pstFP@xfb=\count170
\pstFP@rega=\count171
\pstFP@regb=\count172
\pstFP@regs=\count173
\pstFP@times=\count174
)
(/home/kevi/.miktex/texmfs/install/tex/generic/pgf/utilities/pgfutil-common.tex
\pgfutil@everybye=\toks26
\pgfutil@tempdima=\dimen155
\pgfutil@tempdimb=\dimen156

(/home/kevi/.miktex/texmfs/install/tex/generic/pgf/utilities/pgfutil-common-lis
ts.tex))
(/home/kevi/.miktex/texmfs/install/tex/generic/pgf/utilities/pgfkeys.code.tex
\pgfkeys@pathtoks=\toks27
\pgfkeys@temptoks=\toks28

(/home/kevi/.miktex/texmfs/install/tex/generic/pgf/utilities/pgfkeysfiltered.co
de.tex
\pgfkeys@tmptoks=\toks29
))
(/home/kevi/.miktex/texmfs/install/tex/generic/pgf/utilities/pgffor.code.tex
(/home/kevi/.miktex/texmfs/install/tex/generic/pgf/math/pgfmath.code.tex
(/home/kevi/.miktex/texmfs/install/tex/generic/pgf/math/pgfmathcalc.code.tex
(/home/kevi/.miktex/texmfs/install/tex/generic/pgf/math/pgfmathutil.code.tex
\pgf@x=\dimen157
\pgf@xa=\dimen158
\pgf@xb=\dimen159
\pgf@xc=\dimen160
\pgf@y=\dimen161
\pgf@ya=\dimen162
\pgf@yb=\dimen163
\pgf@yc=\dimen164
\c@pgf@counta=\count175
\c@pgf@countb=\count176
\c@pgf@countc=\count177
\c@pgf@countd=\count178
\pgfutil@tempcnta=\count179
\pgfutil@tempcntb=\count180
)
(/home/kevi/.miktex/texmfs/install/tex/generic/pgf/math/pgfmathparser.code.tex
\pgfmath@dimen=\dimen165
\pgfmath@count=\count181
\pgfmath@box=\box33
\pgfmath@toks=\toks30
\pgfmath@stack@operand=\toks31
\pgfmath@stack@operation=\toks32
)
(/home/kevi/.miktex/texmfs/install/tex/generic/pgf/math/pgfmathfunctions.code.t
ex
(/home/kevi/.miktex/texmfs/install/tex/generic/pgf/math/pgfmathfunctions.basic.
code.tex)
(/home/kevi/.miktex/texmfs/install/tex/generic/pgf/math/pgfmathfunctions.trigon
ometric.code.tex)
(/home/kevi/.miktex/texmfs/install/tex/generic/pgf/math/pgfmathfunctions.random
.code.tex)
(/home/kevi/.miktex/texmfs/install/tex/generic/pgf/math/pgfmathfunctions.compar
ison.code.tex)
(/home/kevi/.miktex/texmfs/install/tex/generic/pgf/math/pgfmathfunctions.base.c
ode.tex)
(/home/kevi/.miktex/texmfs/install/tex/generic/pgf/math/pgfmathfunctions.round.
code.tex)
(/home/kevi/.miktex/texmfs/install/tex/generic/pgf/math/pgfmathfunctions.misc.c
ode.tex)
(/home/kevi/.miktex/texmfs/install/tex/generic/pgf/math/pgfmathfunctions.intege
rarithmetics.code.tex)))
(/home/kevi/.miktex/texmfs/install/tex/generic/pgf/math/pgfmathfloat.code.tex
\c@pgfmathroundto@lastzeros=\count182
))
\pgffor@iter=\dimen166
\pgffor@skip=\dimen167
\pgffor@stack=\toks33
\pgffor@toks=\toks34
)
\psLoopIndex=\count183

`PSTricks' v2.94  <2019/01/07> (tvz,hv)
\pst@dima=\dimen168
\pst@dimb=\dimen169
\pst@dimc=\dimen170
\pst@dimd=\dimen171
\pst@dimg=\dimen172
\pst@dimh=\dimen173
\pst@dimm=\dimen174
\pst@dimn=\dimen175
\pst@dimo=\dimen176
\pst@dimp=\dimen177
\pst@hbox=\box34
\pst@ibox=\box35
\pst@boxg=\box36
\pst@cnta=\count184
\pst@cntb=\count185
\pst@cntc=\count186
\pst@cntd=\count187
\pst@cntg=\count188
\pst@cnth=\count189
\pst@cntm=\count190
\pst@cntn=\count191
\pst@cnto=\count192
\pst@cntp=\count193
\@zero=\count194
\pst@toks=\toks35
(/home/kevi/.miktex/texmfs/install/tex/generic/pstricks/pstricks.con)
\psunit=\dimen178
\psxunit=\dimen179
\psyunit=\dimen180
\pst@C@@rType=\count266
\pslinewidth=\dimen181
\psk@startLW=\dimen182
\psk@endLW=\dimen183
\pst@customdefs=\toks36
\pslinearc=\dimen184
\pst@symbolStep=\dimen185
\pst@symbolWidth=\dimen186
\pst@symbolLinewidth=\dimen187
\everypsbox=\toks37
\psframesep=\dimen188
\pslabelsep=\dimen189
\sh@wgridXunit=\dimen190
\sh@wgridYunit=\dimen191
\pst@shift=\dimen192
)
File: pstricks.tex 2019/01/07 v2.94 `PSTricks' (tvz,hv)

(/home/kevi/.miktex/texmfs/install/tex/generic/pstricks/pst-fp.tex)
File: pst-fp.tex 2019/01/07 v2.94 `PST-fp' (hv)
)
(/home/kevi/.miktex/texmfs/install/tex/latex/graphics/graphicx.sty
Package: graphicx 2017/06/01 v1.1a Enhanced LaTeX Graphics (DPC,SPQR)

(/home/kevi/.miktex/texmfs/install/tex/latex/graphics/graphics.sty
Package: graphics 2017/06/25 v1.2c Standard LaTeX Graphics (DPC,SPQR)

(/home/kevi/.miktex/texmfs/install/tex/latex/graphics/trig.sty
Package: trig 2016/01/03 v1.10 sin cos tan (DPC)
)
(/home/kevi/.miktex/texmfs/install/tex/latex/graphics-cfg/graphics.cfg
File: graphics.cfg 2016/06/04 v1.11 sample graphics configuration
)
Package graphics Info: Driver file: pdftex.def on input line 99.
)
\Gin@req@height=\dimen193
\Gin@req@width=\dimen194
)
(/home/kevi/.miktex/texmfs/install/tex/latex/oberdiek/epstopdf.sty
Package: epstopdf 2016/05/15 v2.6 Conversion with epstopdf on the fly (HO)

(/home/kevi/.miktex/texmfs/install/tex/latex/oberdiek/epstopdf-base.sty
Package: epstopdf-base 2016/05/15 v2.6 Base part for package epstopdf

(/home/kevi/.miktex/texmfs/install/tex/latex/oberdiek/grfext.sty
Package: grfext 2016/05/16 v1.2 Manage graphics extensions (HO)
)
Package epstopdf-base Info: Redefining graphics rule for `.eps' on input line 4
38.
Package grfext Info: Graphics extension search list:
(grfext)             [.pdf,.png,.jpg,.mps,.jpeg,.jbig2,.jb2,.PDF,.PNG,.JPG,.JPE
G,.JBIG2,.JB2,.eps]
(grfext)             \AppendGraphicsExtensions on input line 456.
))
(/home/kevi/.miktex/texmfs/install/tex/latex/amscls/amsthm.sty
Package: amsthm 2017/10/31 v2.20.4
\thm@style=\toks38
\thm@bodyfont=\toks39
\thm@headfont=\toks40
\thm@notefont=\toks41
\thm@headpunct=\toks42
\thm@preskip=\skip257
\thm@postskip=\skip258
\thm@headsep=\skip259
\dth@everypar=\toks43
)
(/home/kevi/.miktex/texmfs/install/tex/latex/tools/multicol.sty
Package: multicol 2018/12/27 v1.8v multicolumn formatting (FMi)
\c@tracingmulticols=\count267
\mult@box=\box37
\multicol@leftmargin=\dimen256
\c@unbalance=\count268
\c@collectmore=\count269
\doublecol@number=\count270
\multicoltolerance=\count271
\multicolpretolerance=\count272
\full@width=\dimen257
\page@free=\dimen258
\premulticols=\dimen259
\postmulticols=\dimen260
\multicolsep=\skip260
\multicolbaselineskip=\skip261
\partial@page=\box38
\last@line=\box39
\maxbalancingoverflow=\dimen261
\mult@rightbox=\box40
\mult@grightbox=\box41
\mult@gfirstbox=\box42
\mult@firstbox=\box43
\@tempa=\box44
\@tempa=\box45
\@tempa=\box46
\@tempa=\box47
\@tempa=\box48
\@tempa=\box49
\@tempa=\box50
\@tempa=\box51
\@tempa=\box52
\@tempa=\box53
\@tempa=\box54
\@tempa=\box55
\@tempa=\box56
\@tempa=\box57
\@tempa=\box58
\@tempa=\box59
\@tempa=\box60
\c@columnbadness=\count273
\c@finalcolumnbadness=\count274
\last@try=\dimen262
\multicolovershoot=\dimen263
\multicolundershoot=\dimen264
\mult@nat@firstbox=\box61
\colbreak@box=\box62
\mc@col@check@num=\count275
)
(/home/kevi/.miktex/texmfs/install/tex/latex/psnfss/mathptmx.sty
Package: mathptmx 2005/04/12 PSNFSS-v9.2a Times w/ Math, improved (SPQR, WaS) 
LaTeX Font Info:    Redeclaring symbol font `operators' on input line 28.
LaTeX Font Info:    Overwriting symbol font `operators' in version `normal'
(Font)                  OT1/lmr/m/n --> OT1/ztmcm/m/n on input line 28.
LaTeX Font Info:    Overwriting symbol font `operators' in version `bold'
(Font)                  OT1/lmr/bx/n --> OT1/ztmcm/m/n on input line 28.
LaTeX Font Info:    Redeclaring symbol font `letters' on input line 29.
LaTeX Font Info:    Overwriting symbol font `letters' in version `normal'
(Font)                  OML/lmm/m/it --> OML/ztmcm/m/it on input line 29.
LaTeX Font Info:    Overwriting symbol font `letters' in version `bold'
(Font)                  OML/lmm/b/it --> OML/ztmcm/m/it on input line 29.
LaTeX Font Info:    Redeclaring symbol font `symbols' on input line 30.
LaTeX Font Info:    Overwriting symbol font `symbols' in version `normal'
(Font)                  OMS/lmsy/m/n --> OMS/ztmcm/m/n on input line 30.
LaTeX Font Info:    Overwriting symbol font `symbols' in version `bold'
(Font)                  OMS/lmsy/b/n --> OMS/ztmcm/m/n on input line 30.
LaTeX Font Info:    Redeclaring symbol font `largesymbols' on input line 31.
LaTeX Font Info:    Overwriting symbol font `largesymbols' in version `normal'
(Font)                  OMX/lmex/m/n --> OMX/ztmcm/m/n on input line 31.
LaTeX Font Info:    Overwriting symbol font `largesymbols' in version `bold'
(Font)                  OMX/lmex/m/n --> OMX/ztmcm/m/n on input line 31.
\symbold=\mathgroup4
\symitalic=\mathgroup5
LaTeX Font Info:    Redeclaring math alphabet \mathbf on input line 34.
LaTeX Font Info:    Overwriting math alphabet `\mathbf' in version `normal'
(Font)                  OT1/lmr/bx/n --> OT1/ptm/bx/n on input line 34.
LaTeX Font Info:    Overwriting math alphabet `\mathbf' in version `bold'
(Font)                  OT1/lmr/bx/n --> OT1/ptm/bx/n on input line 34.
LaTeX Font Info:    Redeclaring math alphabet \mathit on input line 35.
LaTeX Font Info:    Overwriting math alphabet `\mathit' in version `normal'
(Font)                  OT1/lmr/m/it --> OT1/ptm/m/it on input line 35.
LaTeX Font Info:    Overwriting math alphabet `\mathit' in version `bold'
(Font)                  OT1/lmr/bx/it --> OT1/ptm/m/it on input line 35.
LaTeX Info: Redefining \hbar on input line 50.
)
(/home/kevi/.miktex/texmfs/install/tex/latex/esvect/esvect.sty
Package: esvect 
\symesvector=\mathgroup6
)
(/home/kevi/.miktex/texmfs/install/tex/latex/amsfonts/amssymb.sty
Package: amssymb 2013/01/14 v3.01 AMS font symbols

(/home/kevi/.miktex/texmfs/install/tex/latex/amsfonts/amsfonts.sty
Package: amsfonts 2013/01/14 v3.01 Basic AMSFonts support
\@emptytoks=\toks44
\symAMSa=\mathgroup7
\symAMSb=\mathgroup8
LaTeX Font Info:    Overwriting math alphabet `\mathfrak' in version `bold'
(Font)                  U/euf/m/n --> U/euf/b/n on input line 106.
))
(/home/kevi/.miktex/texmfs/install/tex/latex/tools/indentfirst.sty
Package: indentfirst 1995/11/23 v1.03 Indent first paragraph (DPC)
)
(/home/kevi/.miktex/texmfs/install/tex/latex/amsmath/amsmath.sty
Package: amsmath 2018/12/01 v2.17b AMS math features
\@mathmargin=\skip262

For additional information on amsmath, use the `?' option.
(/home/kevi/.miktex/texmfs/install/tex/latex/amsmath/amstext.sty
Package: amstext 2000/06/29 v2.01 AMS text

(/home/kevi/.miktex/texmfs/install/tex/latex/amsmath/amsgen.sty
File: amsgen.sty 1999/11/30 v2.0 generic functions
\@emptytoks=\toks45
\ex@=\dimen265
))
(/home/kevi/.miktex/texmfs/install/tex/latex/amsmath/amsbsy.sty
Package: amsbsy 1999/11/29 v1.2d Bold Symbols
\pmbraise@=\dimen266
)
(/home/kevi/.miktex/texmfs/install/tex/latex/amsmath/amsopn.sty
Package: amsopn 2016/03/08 v2.02 operator names
)
\inf@bad=\count276
LaTeX Info: Redefining \frac on input line 223.
\uproot@=\count277
\leftroot@=\count278
LaTeX Info: Redefining \overline on input line 385.
\classnum@=\count279
\DOTSCASE@=\count280
LaTeX Info: Redefining \ldots on input line 482.
LaTeX Info: Redefining \dots on input line 485.
LaTeX Info: Redefining \cdots on input line 606.
\Mathstrutbox@=\box63
\strutbox@=\box64
\big@size=\dimen267
LaTeX Font Info:    Redeclaring font encoding OML on input line 729.
LaTeX Font Info:    Redeclaring font encoding OMS on input line 730.
\macc@depth=\count281
\c@MaxMatrixCols=\count282
\dotsspace@=\muskip11
\c@parentequation=\count283
\dspbrk@lvl=\count284
\tag@help=\toks46
\row@=\count285
\column@=\count286
\maxfields@=\count287
\andhelp@=\toks47
\eqnshift@=\dimen268
\alignsep@=\dimen269
\tagshift@=\dimen270
\tagwidth@=\dimen271
\totwidth@=\dimen272
\lineht@=\dimen273
\@envbody=\toks48
\multlinegap=\skip263
\multlinetaggap=\skip264
\mathdisplay@stack=\toks49
LaTeX Info: Redefining \[ on input line 2844.
LaTeX Info: Redefining \] on input line 2845.
)
(/home/kevi/.miktex/texmfs/install/tex/latex/base/fontenc.sty
Package: fontenc 2018/08/11 v2.0j Standard LaTeX package

(/home/kevi/.miktex/texmfs/install/tex/latex/base/t1enc.def
File: t1enc.def 2018/08/11 v2.0j Standard LaTeX file
LaTeX Font Info:    Redeclaring font encoding T1 on input line 48.
)<<t1.cmap>>)
(/home/kevi/.miktex/texmfs/install/tex/latex/base/inputenc.sty
Package: inputenc 2018/08/11 v1.3c Input encoding file
\inpenc@prehook=\toks50
\inpenc@posthook=\toks51
)
(/home/kevi/.miktex/texmfs/install/tex/latex/lastpage/lastpage.sty
Package: lastpage 2015/03/29 v1.2m Refers to last page's name (HMM; JPG)
)
(/home/kevi/.miktex/texmfs/install/tex/latex/nomencl/nomencl.sty
Package: nomencl 2018/12/29 v5.0 Nomenclature package
\nomlabelwidth=\dimen274
\nom@tempdim=\dimen275
\nomitemsep=\skip265
)
(/home/kevi/.miktex/texmfs/install/tex/latex/pdfpages/pdfpages.sty
Package: pdfpages 2017/10/31 v0.5l Insert pages of external PDF documents (AM)

(/home/kevi/.miktex/texmfs/install/tex/latex/eso-pic/eso-pic.sty
Package: eso-pic 2018/04/12 v2.0h eso-pic (RN)
)
\AM@pagewidth=\dimen276
\AM@pageheight=\dimen277

(/home/kevi/.miktex/texmfs/install/tex/latex/pdfpages/pppdftex.def
File: pppdftex.def 2017/10/31 v0.5l Pdfpages driver for pdfTeX (AM)
)
\AM@pagebox=\box65
\AM@global@opts=\toks52
\AM@toc@title=\toks53
\c@AM@survey=\count288
\AM@templatesizebox=\box66
)
(/home/kevi/.miktex/texmfs/install/tex/latex/ulem/ulem.sty
\UL@box=\box67
\UL@hyphenbox=\box68
\UL@skip=\skip266
\UL@hook=\toks54
\UL@height=\dimen278
\UL@pe=\count289
\UL@pixel=\dimen279
\ULC@box=\box69
Package: ulem 2012/05/18
\ULdepth=\dimen280
)
(/home/kevi/.miktex/texmfs/install/tex/latex/hyperref/backref.sty
Package: backref 2016/05/21 v1.39 Bibliographical back referencing
)
(/home/kevi/.miktex/texmfs/install/tex/latex/abntex2/abntex2cite.sty
Package: abntex2cite 2018/11/24 v-1.9.7 abnTeX2

(/home/kevi/.miktex/texmfs/install/tex/latex/abntex2/abntex2abrev.sty)
\minimumbiblabelwidth=\skip267
\ABCIauxlen=\skip268
\c@ABCIaux=\count290
\c@ABCImax=\count291

(/home/kevi/.miktex/texmfs/install/tex/latex/relsize/relsize.sty
Package: relsize 2013/03/29 ver 4.1
)
\biblabelsep=\skip269
LaTeX Info: Redefining \newblock on input line 591.
LaTeX Info: Redefining \cite on input line 618.
\ABCItoken=\toks55
)
\c@definition=\count292
\c@theorem=\count293
\c@obs=\count294
\c@com=\count295
\TCC_principal@idxfile=\write4
\openout4 = `TCC_principal.idx'.


Writing index file TCC_principal.idx 
\@nomenclaturefile=\write5
\openout5 = `TCC_principal.nlo'.

Package nomencl Info: Writing nomenclature file TCC_principal.nlo on input line
 90.
(TCC_principal.aux

LaTeX Warning: Label `eq: boltsmam' multiply defined.


LaTeX Warning: Label `eq: vlasov' multiply defined.


LaTeX Warning: Label `eq: rho' multiply defined.


LaTeX Warning: Label `eq: densidadecorrente' multiply defined.


LaTeX Warning: Label `eq: p5' multiply defined.


LaTeX Warning: Label `eq: pit3' multiply defined.


LaTeX Warning: Label `eq: pit4' multiply defined.


LaTeX Warning: Label `eq: pit5' multiply defined.


LaTeX Warning: Label `eq: pit6' multiply defined.


LaTeX Warning: Label `eq: pit7' multiply defined.


LaTeX Warning: Label `eq: pit8' multiply defined.


LaTeX Warning: Label `eq: pit9' multiply defined.


LaTeX Warning: Label `eq: pit10' multiply defined.


LaTeX Warning: Label `eq: pit11' multiply defined.


LaTeX Warning: Label `eq: pit12' multiply defined.

)
\openout1 = `TCC_principal.aux'.

LaTeX Font Info:    Checking defaults for OML/cmm/m/it on input line 92.
LaTeX Font Info:    ... okay on input line 92.
LaTeX Font Info:    Checking defaults for T1/cmr/m/n on input line 92.
LaTeX Font Info:    ... okay on input line 92.
LaTeX Font Info:    Checking defaults for OT1/cmr/m/n on input line 92.
LaTeX Font Info:    ... okay on input line 92.
LaTeX Font Info:    Checking defaults for OMS/cmsy/m/n on input line 92.
LaTeX Font Info:    ... okay on input line 92.
LaTeX Font Info:    Checking defaults for OMX/cmex/m/n on input line 92.
LaTeX Font Info:    ... okay on input line 92.
LaTeX Font Info:    Checking defaults for U/cmr/m/n on input line 92.
LaTeX Font Info:    ... okay on input line 92.
LaTeX Font Info:    Checking defaults for PD1/pdf/m/n on input line 92.
LaTeX Font Info:    ... okay on input line 92.
LaTeX Font Info:    Try loading font information for T1+ptm on input line 92.
 (/home/kevi/.miktex/texmfs/install/tex/latex/psnfss/t1ptm.fd
File: t1ptm.fd 2001/06/04 font definitions for T1/ptm.
)
\AtBeginShipoutBox=\box70
Package hyperref Info: Link coloring OFF on input line 92.

(/home/kevi/.miktex/texmfs/install/tex/latex/hyperref/nameref.sty
Package: nameref 2016/05/21 v2.44 Cross-referencing by name of section

(/home/kevi/.miktex/texmfs/install/tex/generic/oberdiek/gettitlestring.sty
Package: gettitlestring 2016/05/16 v1.5 Cleanup title references (HO)
)
\c@section@level=\count296
)
Redoing nameref's sectioning
Redoing nameref's label
LaTeX Info: Redefining \nameref on input line 92.
LaTeX Info: Redefining \ref on input line 92.
LaTeX Info: Redefining \pageref on input line 92.
LaTeX Info: Redefining \nameref on input line 92.
\myptabbox=\box71
\myptabboxwidth=\skip270
(/home/kevi/.miktex/texmfs/install/tex/context/base/supp-pdf.mkii
[Loading MPS to PDF converter (version 2006.09.02).]
\scratchcounter=\count297
\scratchdimen=\dimen281
\scratchbox=\box72
\nofMPsegments=\count298
\nofMParguments=\count299
\everyMPshowfont=\toks56
\MPscratchCnt=\count300
\MPscratchDim=\dimen282
\MPnumerator=\count301
\makeMPintoPDFobject=\count302
\everyMPtoPDFconversion=\toks57
)
Package lastpage Info: Please have a look at the pageslts package at
(lastpage)             https://www.ctan.org/pkg/pageslts
(lastpage)             ! on input line 92.
 (/home/kevi/.miktex/texmfs/install/tex/latex/oberdiek/pdflscape.sty
Package: pdflscape 2016/05/14 v0.11 Display of landscape pages in PDF (HO)

(/home/kevi/.miktex/texmfs/install/tex/latex/graphics/lscape.sty
Package: lscape 2000/10/22 v3.01 Landscape Pages (DPC)
)
Package pdflscape Info: Auto-detected driver: pdftex on input line 81.
)
LaTeX Font Info:    Try loading font information for T1+lmss on input line 94.

(/home/kevi/.miktex/texmfs/install/tex/latex/lm/t1lmss.fd
File: t1lmss.fd 2009/10/30 v1.6 Font defs for Latin Modern
) [1
Non-PDF special ignored!
<special> header=pstricks.pro
Non-PDF special ignored!
<special> header=pst-algparser.pro
Non-PDF special ignored!
<special> header=pst-tools.pro
Non-PDF special ignored!
<special> header=pst-dots.pro

Non-PDF special ignored!
<special> ps: /pssetRGBcolor /setrgbcolor load def /pssetCMYKcolor /setcmyk...
Non-PDF special ignored!
<special> ps:tx@Dict begin  gsave STV CP T /ps@rot 0 def grestore  end
Non-PDF special ignored!
<special> ps:tx@Dict begin  gsave STV CP T /ps@refangle 0.  def grestore  e...
{/home/kevi/.miktex/texmfs/data/pdftex/config/pdftex.map}]
LaTeX Font Info:    Try loading font information for OT1+ztmcm on input line 97
.

(/home/kevi/.miktex/texmfs/install/tex/latex/psnfss/ot1ztmcm.fd
File: ot1ztmcm.fd 2000/01/03 Fontinst v1.801 font definitions for OT1/ztmcm.
)<<ot1.cmap>>
LaTeX Font Info:    Try loading font information for OML+ztmcm on input line 97
.

(/home/kevi/.miktex/texmfs/install/tex/latex/psnfss/omlztmcm.fd
File: omlztmcm.fd 2000/01/03 Fontinst v1.801 font definitions for OML/ztmcm.
)<<oml.cmap>>
LaTeX Font Info:    Try loading font information for OMS+ztmcm on input line 97
.

(/home/kevi/.miktex/texmfs/install/tex/latex/psnfss/omsztmcm.fd
File: omsztmcm.fd 2000/01/03 Fontinst v1.801 font definitions for OMS/ztmcm.
)<<oms.cmap>>
LaTeX Font Info:    Try loading font information for OMX+ztmcm on input line 97
.

(/home/kevi/.miktex/texmfs/install/tex/latex/psnfss/omxztmcm.fd
File: omxztmcm.fd 2000/01/03 Fontinst v1.801 font definitions for OMX/ztmcm.
)<<omx.cmap>>
LaTeX Font Info:    Try loading font information for OT1+ptm on input line 97.

(/home/kevi/.miktex/texmfs/install/tex/latex/psnfss/ot1ptm.fd
File: ot1ptm.fd 2001/06/04 font definitions for OT1/ptm.
)
LaTeX Font Info:    Font shape `OT1/ptm/bx/n' in size <12> not available
(Font)              Font shape `OT1/ptm/b/n' tried instead on input line 97.
LaTeX Font Info:    Font shape `OT1/ptm/bx/n' in size <9> not available
(Font)              Font shape `OT1/ptm/b/n' tried instead on input line 97.
LaTeX Font Info:    Font shape `OT1/ptm/bx/n' in size <7> not available
(Font)              Font shape `OT1/ptm/b/n' tried instead on input line 97.
LaTeX Font Info:    Try loading font information for U+esvect on input line 97.


(/home/kevi/.miktex/texmfs/install/tex/latex/esvect/uesvect.fd
File: uesvect.fd 
)pdfTeX warning (ext4): destination with the same identifier (name{page.1}) has
 been already used, duplicate ignored
<to be read again> 
                   \relax 
l.97 
      [1



] [2] [3


]
LaTeX Font Info:    Font shape `T1/ptm/bx/n' in size <12> not available
(Font)              Font shape `T1/ptm/b/n' tried instead on input line 122.
 [4

] [5

] (TCC_principal.lof) [6

] (TCC_principal.lot) [7

]
(TCC_principal.toc) [8

] [9]
Overfull \hbox (8.78343pt too wide) in paragraph at lines 159--162
\T1/ptm/m/n/12 condução térmica. O plasma é então contido pelo intenso campo ma
gnético gerado pelo Tokamak.
 []

[10


] [11]
Overfull \hbox (15.34694pt too wide) in paragraph at lines 178--179
\T1/ptm/m/n/12 partículas eletricamente carregadas que é suficiente para afetar
 suas propriedades e comportamento.
 []

[12

]
Overfull \hbox (1.69173pt too wide) in paragraph at lines 180--181
\T1/ptm/m/n/12 envolvem principalmente colisões binárias entre elas. Quando o n
úmero de partículas carregadas
 []


Overfull \hbox (7.70683pt too wide) in paragraph at lines 184--185
[]\T1/ptm/m/n/12 O plasma é livremente descrito como um meio eletricamente neut
ro de partículas positivas
 []

[13]
Overfull \hbox (7.73077pt too wide) in paragraph at lines 205--206
[]\T1/ptm/m/n/12 A ionização é necessária para o plasma existir. O termo "densi
dade do plasma"usualmente
 []


Overfull \hbox (36.6633pt too wide) in paragraph at lines 208--209
[]\T1/ptm/m/n/12 A temperatura do plasma é normalmente medida em kelvins ou elé
tron-volts e é, informalmente,
 []

[14]
Overfull \hbox (10.199pt too wide) in paragraph at lines 210--211
\T1/ptm/m/n/12 comum em plasmas tecnológicos fracamente ionizados, cujos íons e
stão frequentemente próximos
 []


Overfull \hbox (1.8999pt too wide) in paragraph at lines 217--218
[]\T1/ptm/m/n/12 A função distribuição, $\OML/ztmcm/m/it/12 f$\T1/ptm/m/n/12 , 
é a densidade de partículas no espaço de fase de seis dimensões,
 []


Overfull \hbox (9.79015pt too wide) in paragraph at lines 217--218
\T1/ptm/m/n/12 função de distribuição se torna Maxwelliana, conforme o teorema-
H de Boltzmann. A distribuição
 []


Overfull \hbox (35.45872pt too wide) in paragraph at lines 220--223
\T1/ptm/m/n/12 maioria dos plasmas de laboratório o estudo é feito antes do pla
sma entrar em equilíbrio termodinâmico.
 []

[15]
Overfull \hbox (2.76485pt too wide) in paragraph at lines 240--247
[]\T1/ptm/m/n/12 (Citação do livro \T1/ptm/b/n/12 J. A. Bittencourt (auth.)-Fun
damentals of Plasma Physics-Springer
 []

[16]
Overfull \hbox (5.70445pt too wide) in paragraph at lines 249--251
[]\T1/ptm/m/n/12 Uma maneira aproximada muito útil para descrever a dinâmica de
 um plasma é considerar
 []


Overfull \hbox (6.99515pt too wide) in paragraph at lines 249--251
\T1/ptm/m/n/12 fase e que incorpora diretamente os campos eletromagnéticos inte
rnos macroscópicos suavizados.
 []

[17

]
Overfull \hbox (10.703pt too wide) in paragraph at lines 286--288
\T1/ptm/m/n/12 Tais equações constituem um conjunto completo de equações a sere
m resolvidas simultaneamente.
 []


Overfull \hbox (10.12657pt too wide) in paragraph at lines 286--288
\T1/ptm/m/n/12 Por exemplo, em um procedimento iterativo assumindo valores apro
ximados iniciais para $[][]\OT1/ztmcm/m/n/12 ([]\OML/ztmcm/m/it/12 ; t\OT1/ztmc
m/m/n/12 )$
 []

[18]
Overfull \hbox (9.13763pt too wide) in paragraph at lines 330--332
\T1/ptm/m/n/12 isto é, se o componente de força $\OML/ztmcm/m/it/12 F[]$ \T1/pt
m/m/n/12 for independente do componente de velocidade correspondente
 []


Overfull \hbox (13.9495pt too wide) detected at line 347
[]\OT1/ztmcm/m/n/12 (\OML/ztmcm/m/it/12 n[]\OT1/ztmcm/m/n/12 ([]\OML/ztmcm/m/it
/12 ; t\OT1/ztmcm/m/n/12 ) \OML/ztmcm/m/it/12 <  >[]\OT1/ztmcm/m/n/12 ) + \OMS
/ztmcm/m/n/12 r  \OT1/ztmcm/m/n/12 (\OML/ztmcm/m/it/12 n[]\OT1/ztmcm/m/n/12 ([
]\OML/ztmcm/m/it/12 ; t\OT1/ztmcm/m/n/12 ) \OML/ztmcm/m/it/12 < [] >[]\OT1/ztm
cm/m/n/12 ) \OMS/ztmcm/m/n/12   \OML/ztmcm/m/it/12 n[]\OT1/ztmcm/m/n/12 ([]\OML
/ztmcm/m/it/12 ; t\OT1/ztmcm/m/n/12 ) \OML/ztmcm/m/it/12 < [] \OMS/ztmcm/m/n/12
  r[]\OML/ztmcm/m/it/12  >[]\OT1/ztmcm/m/n/12 = [[](\OML/ztmcm/m/it/12 n[]\OT
1/ztmcm/m/n/12 ([]\OML/ztmcm/m/it/12 ; t\OT1/ztmcm/m/n/12 ) \OML/ztmcm/m/it/12 
<  >[]\OT1/ztmcm/m/n/12 )]
 []

[19] [20

]

LaTeX Warning: Citation `bittencourt' on page 21 undefined on input line 385.


Overfull \hbox (9.32913pt too wide) in paragraph at lines 384--386
[]\T1/ptm/m/n/12 De acordo com o modelo de fluidos para descrever a dinâmica de
 um plasma consideramos
 []


Overfull \hbox (11.60336pt too wide) in paragraph at lines 384--386
\T1/ptm/m/n/12 descreve a evolução temporal da função de \T1/ptm/m/it/12 distri
buição \T1/ptm/m/n/12 no espaço de fase. E incorpora diretamente
 []

[21

]
Overfull \hbox (24.91107pt too wide) in paragraph at lines 429--430
\T1/ptm/m/n/12 da equação de Boltzmann que são obtidos pela multiplicação de $\
OML/ztmcm/m/it/12 m[]$\T1/ptm/m/n/12 , $\OML/ztmcm/m/it/12 m[][][]$ \T1/ptm/m/n
/12 e $[]$, respectivamente,
 []

[22]
Overfull \hbox (2.82475pt too wide) in paragraph at lines 444--446
[]\T1/ptm/m/n/12 A equação de conservação de momento afirma que a taxa média de
 mudança de momento
 []


Overfull \hbox (9.91188pt too wide) in paragraph at lines 453--456
\T1/ptm/m/n/12 velocidade média de movimento toroidal. Vamos tratar de cada ter
mo da Eq. []4.10[] semaradamente.
 []

[23]
Overfull \hbox (45.39668pt too wide) detected at line 510
\OML/ztmcm/m/it/12 [] [] \OT1/ztmcm/m/n/12 + [][] [] = \OML/ztmcm/m/it/12 R[] 
\OT1/ztmcm/m/n/12 + \OMS/ztmcm/m/n/12 R[] \OT1/ztmcm/m/n/12 + \OML/ztmcm/m/it/1
2 n[]\OT1/ztmcm/m/n/12 ([]\OML/ztmcm/m/it/12 ; t\OT1/ztmcm/m/n/12 )\OML/ztmcm/m
/it/12 q[]\OT1/ztmcm/m/n/12 ([] + [][] \OMS/ztmcm/m/n/12  []\OT1/ztmcm/m/n/12 
) \OMS/ztmcm/m/n/12   r  \U/msb/m/n/12 P[]
 []


LaTeX Warning: Citation `bittencourt' on page 24 undefined on input line 516.


Overfull \hbox (19.77504pt too wide) in paragraph at lines 515--517
\T1/ptm/m/n/12 A equação de concervação de momento estabelece a condição necess
ária para garantir a conservação
 []

[24] [25]

LaTeX Warning: Reference `eq: pit24.2' on page 26 undefined on input line 579.

[26] [27] [28]
Underfull \hbox (badness 10000) in paragraph at lines 678--681

 []

[29] [30] [31

] [32

]

LaTeX Warning: Citation `yoo2014ohmic' on page 33 undefined on input line 788.

[33

] [34]
Overfull \hbox (9.13763pt too wide) in paragraph at lines 832--834
\T1/ptm/m/n/12 isto é, se o componente de força $\OML/ztmcm/m/it/12 F[]$ \T1/pt
m/m/n/12 for independente do componente de velocidade correspondente
 []

[35

] [36] [37

] [38] 
AED: lastpage setting LastPage
[39

]
\tf@lof=\write6
\openout6 = `TCC_principal.lof'.

\tf@lot=\write7
\openout7 = `TCC_principal.lot'.

\tf@toc=\write8
\openout8 = `TCC_principal.toc'.

Package atveryend Info: Empty hook `BeforeClearDocument' on input line 907.
Package atveryend Info: Empty hook `AfterLastShipout' on input line 907.
 (TCC_principal.aux)
Package atveryend Info: Executing hook `AtVeryEndDocument' on input line 907.
Package atveryend Info: Empty hook `AtEndAfterFileList' on input line 907.


LaTeX Warning: There were undefined references.


LaTeX Warning: There were multiply-defined labels.

Package atveryend Info: Empty hook `AtVeryVeryEnd' on input line 907.
 ) 
Here is how much of TeX's memory you used:
 20337 strings out of 494864
 323696 string characters out of 3178363
 486135 words of memory out of 3000000
 23397 multiletter control sequences out of 15000+200000
 65368 words of font info for 89 fonts, out of 3000000 for 9000
 0 hyphenation exceptions out of 8191
 38i,15n,41p,1605b,487s stack positions out of 5000i,500n,10000p,200000b,50000s
{/home/kevi/.miktex/texmfs/install/fonts/enc/dvips/base/8r.enc}{/home/kevi/.m
iktex/texmfs/install/fonts/enc/dvips/lm/lm-ec.enc}</home/kevi/.miktex/texmfs/in
stall/fonts/type1/public/amsfonts/cm/cmex10.pfb></home/kevi/.miktex/texmfs/inst
all/fonts/type1/public/amsfonts/cm/cmmi10.pfb></home/kevi/.miktex/texmfs/instal
l/fonts/type1/public/amsfonts/cm/cmr10.pfb></home/kevi/.miktex/texmfs/install/f
onts/type1/public/amsfonts/cm/cmsy10.pfb></home/kevi/.miktex/texmfs/install/fon
ts/type1/public/lm/lmss12.pfb></home/kevi/.miktex/texmfs/install/fonts/type1/pu
blic/lm/lmss17.pfb></home/kevi/.miktex/texmfs/install/fonts/type1/public/lm/lms
sbx10.pfb></home/kevi/.miktex/texmfs/install/fonts/type1/public/amsfonts/symbol
s/msbm10.pfb></home/kevi/.miktex/texmfs/install/fonts/type1/public/rsfs/rsfs10.
pfb></home/kevi/.miktex/texmfs/install/fonts/type1/urw/symbol/usyr.pfb></home/k
evi/.miktex/texmfs/install/fonts/type1/urw/symbol/usyr.pfb></home/kevi/.miktex/
texmfs/install/fonts/type1/urw/times/utmb8a.pfb></home/kevi/.miktex/texmfs/inst
all/fonts/type1/urw/times/utmr8a.pfb></home/kevi/.miktex/texmfs/install/fonts/t
ype1/urw/times/utmri8a.pfb></home/kevi/.miktex/texmfs/install/fonts/type1/publi
c/esvect/vect10.pfb></home/kevi/.miktex/texmfs/install/fonts/type1/public/esvec
t/vect9.pfb>
Output written on TCC_principal.pdf (40 pages, 338037 bytes).
PDF statistics:
 661 PDF objects out of 1000 (max. 8388607)
 193 named destinations out of 1000 (max. 500000)
 317 words of extra memory for PDF output out of 10000 (max. 10000000)

